-------------------------------------------------------------------------------
Test set: com.jloisel.persistent.map.PersistentMapTest
-------------------------------------------------------------------------------
Tests run: 661, Failures: 6, Errors: 0, Skipped: 0, Time elapsed: 3.308 sec <<< FAILURE!
testIterator_unknownOrderRemoveSupported[PersistentMapTest [collection size: zero] entrySet [collection size: zero]](com.google.common.collect.testing.testers.CollectionIteratorTester)  Time elapsed: 0.04 sec  <<< FAILURE!
junit.framework.AssertionFailedError: failed with stimuli [hasNext, hasNext, hasNext, hasNext, remove]
	at com.google.common.collect.testing.Helpers.fail(Helpers.java:164)
	at com.google.common.collect.testing.AbstractIteratorTester.compareResultsForThisListOfStimuli(AbstractIteratorTester.java:420)
	at com.google.common.collect.testing.AbstractIteratorTester.recurse(AbstractIteratorTester.java:385)
	at com.google.common.collect.testing.AbstractIteratorTester.recurse(AbstractIteratorTester.java:390)
	at com.google.common.collect.testing.AbstractIteratorTester.recurse(AbstractIteratorTester.java:390)
	at com.google.common.collect.testing.AbstractIteratorTester.recurse(AbstractIteratorTester.java:390)
	at com.google.common.collect.testing.AbstractIteratorTester.recurse(AbstractIteratorTester.java:390)
	at com.google.common.collect.testing.AbstractIteratorTester.recurse(AbstractIteratorTester.java:390)
	at com.google.common.collect.testing.AbstractIteratorTester.test(AbstractIteratorTester.java:374)
	at com.google.common.collect.testing.testers.CollectionIteratorTester.runIteratorTest(CollectionIteratorTester.java:100)
	at com.google.common.collect.testing.testers.CollectionIteratorTester.testIterator_unknownOrderRemoveSupported(CollectionIteratorTester.java:88)
	at sun.reflect.NativeMethodAccessorImpl.invoke0(Native Method)
	at sun.reflect.NativeMethodAccessorImpl.invoke(NativeMethodAccessorImpl.java:57)
	at sun.reflect.DelegatingMethodAccessorImpl.invoke(DelegatingMethodAccessorImpl.java:43)
	at java.lang.reflect.Method.invoke(Method.java:601)
	at junit.framework.TestCase.runTest(TestCase.java:168)
	at junit.framework.TestCase.runBare(TestCase.java:134)
	at junit.framework.TestResult$1.protect(TestResult.java:110)
	at junit.framework.TestResult.runProtected(TestResult.java:128)
	at junit.framework.TestResult.run(TestResult.java:113)
	at junit.framework.TestCase.run(TestCase.java:124)
	at junit.framework.TestSuite.runTest(TestSuite.java:243)
	at junit.framework.TestSuite.run(TestSuite.java:238)
	at junit.framework.TestSuite.runTest(TestSuite.java:243)
	at junit.framework.TestSuite.run(TestSuite.java:238)
	at junit.framework.TestSuite.runTest(TestSuite.java:243)
	at junit.framework.TestSuite.run(TestSuite.java:238)
	at junit.framework.TestSuite.runTest(TestSuite.java:243)
	at junit.framework.TestSuite.run(TestSuite.java:238)
	at junit.framework.TestSuite.runTest(TestSuite.java:243)
	at junit.framework.TestSuite.run(TestSuite.java:238)
	at org.junit.internal.runners.JUnit38ClassRunner.run(JUnit38ClassRunner.java:83)
	at org.apache.maven.surefire.junit4.JUnit4TestSet.execute(JUnit4TestSet.java:53)
	at org.apache.maven.surefire.junit4.JUnit4Provider.executeTestSet(JUnit4Provider.java:123)
	at org.apache.maven.surefire.junit4.JUnit4Provider.invoke(JUnit4Provider.java:104)
	at sun.reflect.NativeMethodAccessorImpl.invoke0(Native Method)
	at sun.reflect.NativeMethodAccessorImpl.invoke(NativeMethodAccessorImpl.java:57)
	at sun.reflect.DelegatingMethodAccessorImpl.invoke(DelegatingMethodAccessorImpl.java:43)
	at java.lang.reflect.Method.invoke(Method.java:601)
	at org.apache.maven.surefire.util.ReflectionUtils.invokeMethodWithArray(ReflectionUtils.java:164)
	at org.apache.maven.surefire.booter.ProviderFactory$ProviderProxy.invoke(ProviderFactory.java:110)
	at org.apache.maven.surefire.booter.SurefireStarter.invokeProvider(SurefireStarter.java:175)
	at org.apache.maven.surefire.booter.SurefireStarter.runSuitesInProcessWhenForked(SurefireStarter.java:107)
	at org.apache.maven.surefire.booter.ForkedBooter.main(ForkedBooter.java:68)
Caused by: junit.framework.AssertionFailedError: Exception class java.lang.NullPointerException was thrown; expected one of [class java.lang.IllegalStateException]
	at com.google.common.collect.testing.Helpers.fail(Helpers.java:164)
	at com.google.common.collect.testing.AbstractIteratorTester$PermittedMetaException.assertPermitted(AbstractIteratorTester.java:142)
	at com.google.common.collect.testing.AbstractIteratorTester.internalExecuteAndCompare(AbstractIteratorTester.java:518)
	at com.google.common.collect.testing.AbstractIteratorTester.access$500(AbstractIteratorTester.java:51)
	at com.google.common.collect.testing.AbstractIteratorTester$8.executeAndCompare(AbstractIteratorTester.java:611)
	at com.google.common.collect.testing.AbstractIteratorTester.compareResultsForThisListOfStimuli(AbstractIteratorTester.java:406)
	... 42 more
Caused by: java.lang.NullPointerException
	at com.google.common.base.Preconditions.checkNotNull(Preconditions.java:191)
	at com.jloisel.collection.map.persistence.FileUtils.toPath(FileUtils.java:59)
	at com.jloisel.collection.map.persistence.FileUtils.remove(FileUtils.java:55)
	at com.jloisel.collection.map.PersistentMapSetIterator.remove(PersistentMapSetIterator.java:38)
	at com.google.common.collect.testing.AbstractIteratorTester$1.execute(AbstractIteratorTester.java:527)
	at com.google.common.collect.testing.AbstractIteratorTester.internalExecuteAndCompare(AbstractIteratorTester.java:454)
	... 45 more
testIterator_unknownOrderRemoveSupported[PersistentMapTest [collection size: zero] keys [collection size: zero]](com.google.common.collect.testing.testers.CollectionIteratorTester)  Time elapsed: 0.006 sec  <<< FAILURE!
junit.framework.AssertionFailedError: failed with stimuli [hasNext, hasNext, hasNext, hasNext, remove]
	at com.google.common.collect.testing.Helpers.fail(Helpers.java:164)
	at com.google.common.collect.testing.AbstractIteratorTester.compareResultsForThisListOfStimuli(AbstractIteratorTester.java:420)
	at com.google.common.collect.testing.AbstractIteratorTester.recurse(AbstractIteratorTester.java:385)
	at com.google.common.collect.testing.AbstractIteratorTester.recurse(AbstractIteratorTester.java:390)
	at com.google.common.collect.testing.AbstractIteratorTester.recurse(AbstractIteratorTester.java:390)
	at com.google.common.collect.testing.AbstractIteratorTester.recurse(AbstractIteratorTester.java:390)
	at com.google.common.collect.testing.AbstractIteratorTester.recurse(AbstractIteratorTester.java:390)
	at com.google.common.collect.testing.AbstractIteratorTester.recurse(AbstractIteratorTester.java:390)
	at com.google.common.collect.testing.AbstractIteratorTester.test(AbstractIteratorTester.java:374)
	at com.google.common.collect.testing.testers.CollectionIteratorTester.runIteratorTest(CollectionIteratorTester.java:100)
	at com.google.common.collect.testing.testers.CollectionIteratorTester.testIterator_unknownOrderRemoveSupported(CollectionIteratorTester.java:88)
	at sun.reflect.NativeMethodAccessorImpl.invoke0(Native Method)
	at sun.reflect.NativeMethodAccessorImpl.invoke(NativeMethodAccessorImpl.java:57)
	at sun.reflect.DelegatingMethodAccessorImpl.invoke(DelegatingMethodAccessorImpl.java:43)
	at java.lang.reflect.Method.invoke(Method.java:601)
	at junit.framework.TestCase.runTest(TestCase.java:168)
	at junit.framework.TestCase.runBare(TestCase.java:134)
	at junit.framework.TestResult$1.protect(TestResult.java:110)
	at junit.framework.TestResult.runProtected(TestResult.java:128)
	at junit.framework.TestResult.run(TestResult.java:113)
	at junit.framework.TestCase.run(TestCase.java:124)
	at junit.framework.TestSuite.runTest(TestSuite.java:243)
	at junit.framework.TestSuite.run(TestSuite.java:238)
	at junit.framework.TestSuite.runTest(TestSuite.java:243)
	at junit.framework.TestSuite.run(TestSuite.java:238)
	at junit.framework.TestSuite.runTest(TestSuite.java:243)
	at junit.framework.TestSuite.run(TestSuite.java:238)
	at junit.framework.TestSuite.runTest(TestSuite.java:243)
	at junit.framework.TestSuite.run(TestSuite.java:238)
	at junit.framework.TestSuite.runTest(TestSuite.java:243)
	at junit.framework.TestSuite.run(TestSuite.java:238)
	at org.junit.internal.runners.JUnit38ClassRunner.run(JUnit38ClassRunner.java:83)
	at org.apache.maven.surefire.junit4.JUnit4TestSet.execute(JUnit4TestSet.java:53)
	at org.apache.maven.surefire.junit4.JUnit4Provider.executeTestSet(JUnit4Provider.java:123)
	at org.apache.maven.surefire.junit4.JUnit4Provider.invoke(JUnit4Provider.java:104)
	at sun.reflect.NativeMethodAccessorImpl.invoke0(Native Method)
	at sun.reflect.NativeMethodAccessorImpl.invoke(NativeMethodAccessorImpl.java:57)
	at sun.reflect.DelegatingMethodAccessorImpl.invoke(DelegatingMethodAccessorImpl.java:43)
	at java.lang.reflect.Method.invoke(Method.java:601)
	at org.apache.maven.surefire.util.ReflectionUtils.invokeMethodWithArray(ReflectionUtils.java:164)
	at org.apache.maven.surefire.booter.ProviderFactory$ProviderProxy.invoke(ProviderFactory.java:110)
	at org.apache.maven.surefire.booter.SurefireStarter.invokeProvider(SurefireStarter.java:175)
	at org.apache.maven.surefire.booter.SurefireStarter.runSuitesInProcessWhenForked(SurefireStarter.java:107)
	at org.apache.maven.surefire.booter.ForkedBooter.main(ForkedBooter.java:68)
Caused by: junit.framework.AssertionFailedError: Exception class java.lang.NullPointerException was thrown; expected one of [class java.lang.IllegalStateException]
	at com.google.common.collect.testing.Helpers.fail(Helpers.java:164)
	at com.google.common.collect.testing.AbstractIteratorTester$PermittedMetaException.assertPermitted(AbstractIteratorTester.java:142)
	at com.google.common.collect.testing.AbstractIteratorTester.internalExecuteAndCompare(AbstractIteratorTester.java:518)
	at com.google.common.collect.testing.AbstractIteratorTester.access$500(AbstractIteratorTester.java:51)
	at com.google.common.collect.testing.AbstractIteratorTester$8.executeAndCompare(AbstractIteratorTester.java:611)
	at com.google.common.collect.testing.AbstractIteratorTester.compareResultsForThisListOfStimuli(AbstractIteratorTester.java:406)
	... 42 more
Caused by: java.lang.NullPointerException
	at com.google.common.base.Preconditions.checkNotNull(Preconditions.java:191)
	at com.jloisel.collection.map.persistence.FileUtils.toPath(FileUtils.java:59)
	at com.jloisel.collection.map.persistence.FileUtils.remove(FileUtils.java:55)
	at com.jloisel.collection.map.PersistentMapSetIterator.remove(PersistentMapSetIterator.java:38)
	at com.google.common.collect.testing.AbstractIteratorTester$1.execute(AbstractIteratorTester.java:527)
	at com.google.common.collect.testing.AbstractIteratorTester.internalExecuteAndCompare(AbstractIteratorTester.java:454)
	... 45 more
testIterator_unknownOrderRemoveSupported[PersistentMapTest [collection size: one] entrySet [collection size: one]](com.google.common.collect.testing.testers.CollectionIteratorTester)  Time elapsed: 0.007 sec  <<< FAILURE!
junit.framework.AssertionFailedError: failed with stimuli [hasNext, hasNext, hasNext, hasNext, remove]
	at com.google.common.collect.testing.Helpers.fail(Helpers.java:164)
	at com.google.common.collect.testing.AbstractIteratorTester.compareResultsForThisListOfStimuli(AbstractIteratorTester.java:420)
	at com.google.common.collect.testing.AbstractIteratorTester.recurse(AbstractIteratorTester.java:385)
	at com.google.common.collect.testing.AbstractIteratorTester.recurse(AbstractIteratorTester.java:390)
	at com.google.common.collect.testing.AbstractIteratorTester.recurse(AbstractIteratorTester.java:390)
	at com.google.common.collect.testing.AbstractIteratorTester.recurse(AbstractIteratorTester.java:390)
	at com.google.common.collect.testing.AbstractIteratorTester.recurse(AbstractIteratorTester.java:390)
	at com.google.common.collect.testing.AbstractIteratorTester.recurse(AbstractIteratorTester.java:390)
	at com.google.common.collect.testing.AbstractIteratorTester.test(AbstractIteratorTester.java:374)
	at com.google.common.collect.testing.testers.CollectionIteratorTester.runIteratorTest(CollectionIteratorTester.java:100)
	at com.google.common.collect.testing.testers.CollectionIteratorTester.testIterator_unknownOrderRemoveSupported(CollectionIteratorTester.java:88)
	at sun.reflect.NativeMethodAccessorImpl.invoke0(Native Method)
	at sun.reflect.NativeMethodAccessorImpl.invoke(NativeMethodAccessorImpl.java:57)
	at sun.reflect.DelegatingMethodAccessorImpl.invoke(DelegatingMethodAccessorImpl.java:43)
	at java.lang.reflect.Method.invoke(Method.java:601)
	at junit.framework.TestCase.runTest(TestCase.java:168)
	at junit.framework.TestCase.runBare(TestCase.java:134)
	at junit.framework.TestResult$1.protect(TestResult.java:110)
	at junit.framework.TestResult.runProtected(TestResult.java:128)
	at junit.framework.TestResult.run(TestResult.java:113)
	at junit.framework.TestCase.run(TestCase.java:124)
	at junit.framework.TestSuite.runTest(TestSuite.java:243)
	at junit.framework.TestSuite.run(TestSuite.java:238)
	at junit.framework.TestSuite.runTest(TestSuite.java:243)
	at junit.framework.TestSuite.run(TestSuite.java:238)
	at junit.framework.TestSuite.runTest(TestSuite.java:243)
	at junit.framework.TestSuite.run(TestSuite.java:238)
	at junit.framework.TestSuite.runTest(TestSuite.java:243)
	at junit.framework.TestSuite.run(TestSuite.java:238)
	at junit.framework.TestSuite.runTest(TestSuite.java:243)
	at junit.framework.TestSuite.run(TestSuite.java:238)
	at org.junit.internal.runners.JUnit38ClassRunner.run(JUnit38ClassRunner.java:83)
	at org.apache.maven.surefire.junit4.JUnit4TestSet.execute(JUnit4TestSet.java:53)
	at org.apache.maven.surefire.junit4.JUnit4Provider.executeTestSet(JUnit4Provider.java:123)
	at org.apache.maven.surefire.junit4.JUnit4Provider.invoke(JUnit4Provider.java:104)
	at sun.reflect.NativeMethodAccessorImpl.invoke0(Native Method)
	at sun.reflect.NativeMethodAccessorImpl.invoke(NativeMethodAccessorImpl.java:57)
	at sun.reflect.DelegatingMethodAccessorImpl.invoke(DelegatingMethodAccessorImpl.java:43)
	at java.lang.reflect.Method.invoke(Method.java:601)
	at org.apache.maven.surefire.util.ReflectionUtils.invokeMethodWithArray(ReflectionUtils.java:164)
	at org.apache.maven.surefire.booter.ProviderFactory$ProviderProxy.invoke(ProviderFactory.java:110)
	at org.apache.maven.surefire.booter.SurefireStarter.invokeProvider(SurefireStarter.java:175)
	at org.apache.maven.surefire.booter.SurefireStarter.runSuitesInProcessWhenForked(SurefireStarter.java:107)
	at org.apache.maven.surefire.booter.ForkedBooter.main(ForkedBooter.java:68)
Caused by: junit.framework.AssertionFailedError: Exception class java.lang.NullPointerException was thrown; expected one of [class java.lang.IllegalStateException]
	at com.google.common.collect.testing.Helpers.fail(Helpers.java:164)
	at com.google.common.collect.testing.AbstractIteratorTester$PermittedMetaException.assertPermitted(AbstractIteratorTester.java:142)
	at com.google.common.collect.testing.AbstractIteratorTester.internalExecuteAndCompare(AbstractIteratorTester.java:518)
	at com.google.common.collect.testing.AbstractIteratorTester.access$500(AbstractIteratorTester.java:51)
	at com.google.common.collect.testing.AbstractIteratorTester$8.executeAndCompare(AbstractIteratorTester.java:611)
	at com.google.common.collect.testing.AbstractIteratorTester.compareResultsForThisListOfStimuli(AbstractIteratorTester.java:406)
	... 42 more
Caused by: java.lang.NullPointerException
	at com.google.common.base.Preconditions.checkNotNull(Preconditions.java:191)
	at com.jloisel.collection.map.persistence.FileUtils.toPath(FileUtils.java:59)
	at com.jloisel.collection.map.persistence.FileUtils.remove(FileUtils.java:55)
	at com.jloisel.collection.map.PersistentMapSetIterator.remove(PersistentMapSetIterator.java:38)
	at com.google.common.collect.testing.AbstractIteratorTester$1.execute(AbstractIteratorTester.java:527)
	at com.google.common.collect.testing.AbstractIteratorTester.internalExecuteAndCompare(AbstractIteratorTester.java:454)
	... 45 more
testIterator_unknownOrderRemoveSupported[PersistentMapTest [collection size: one] keys [collection size: one]](com.google.common.collect.testing.testers.CollectionIteratorTester)  Time elapsed: 0.008 sec  <<< FAILURE!
junit.framework.AssertionFailedError: failed with stimuli [hasNext, hasNext, hasNext, hasNext, remove]
	at com.google.common.collect.testing.Helpers.fail(Helpers.java:164)
	at com.google.common.collect.testing.AbstractIteratorTester.compareResultsForThisListOfStimuli(AbstractIteratorTester.java:420)
	at com.google.common.collect.testing.AbstractIteratorTester.recurse(AbstractIteratorTester.java:385)
	at com.google.common.collect.testing.AbstractIteratorTester.recurse(AbstractIteratorTester.java:390)
	at com.google.common.collect.testing.AbstractIteratorTester.recurse(AbstractIteratorTester.java:390)
	at com.google.common.collect.testing.AbstractIteratorTester.recurse(AbstractIteratorTester.java:390)
	at com.google.common.collect.testing.AbstractIteratorTester.recurse(AbstractIteratorTester.java:390)
	at com.google.common.collect.testing.AbstractIteratorTester.recurse(AbstractIteratorTester.java:390)
	at com.google.common.collect.testing.AbstractIteratorTester.test(AbstractIteratorTester.java:374)
	at com.google.common.collect.testing.testers.CollectionIteratorTester.runIteratorTest(CollectionIteratorTester.java:100)
	at com.google.common.collect.testing.testers.CollectionIteratorTester.testIterator_unknownOrderRemoveSupported(CollectionIteratorTester.java:88)
	at sun.reflect.NativeMethodAccessorImpl.invoke0(Native Method)
	at sun.reflect.NativeMethodAccessorImpl.invoke(NativeMethodAccessorImpl.java:57)
	at sun.reflect.DelegatingMethodAccessorImpl.invoke(DelegatingMethodAccessorImpl.java:43)
	at java.lang.reflect.Method.invoke(Method.java:601)
	at junit.framework.TestCase.runTest(TestCase.java:168)
	at junit.framework.TestCase.runBare(TestCase.java:134)
	at junit.framework.TestResult$1.protect(TestResult.java:110)
	at junit.framework.TestResult.runProtected(TestResult.java:128)
	at junit.framework.TestResult.run(TestResult.java:113)
	at junit.framework.TestCase.run(TestCase.java:124)
	at junit.framework.TestSuite.runTest(TestSuite.java:243)
	at junit.framework.TestSuite.run(TestSuite.java:238)
	at junit.framework.TestSuite.runTest(TestSuite.java:243)
	at junit.framework.TestSuite.run(TestSuite.java:238)
	at junit.framework.TestSuite.runTest(TestSuite.java:243)
	at junit.framework.TestSuite.run(TestSuite.java:238)
	at junit.framework.TestSuite.runTest(TestSuite.java:243)
	at junit.framework.TestSuite.run(TestSuite.java:238)
	at junit.framework.TestSuite.runTest(TestSuite.java:243)
	at junit.framework.TestSuite.run(TestSuite.java:238)
	at org.junit.internal.runners.JUnit38ClassRunner.run(JUnit38ClassRunner.java:83)
	at org.apache.maven.surefire.junit4.JUnit4TestSet.execute(JUnit4TestSet.java:53)
	at org.apache.maven.surefire.junit4.JUnit4Provider.executeTestSet(JUnit4Provider.java:123)
	at org.apache.maven.surefire.junit4.JUnit4Provider.invoke(JUnit4Provider.java:104)
	at sun.reflect.NativeMethodAccessorImpl.invoke0(Native Method)
	at sun.reflect.NativeMethodAccessorImpl.invoke(NativeMethodAccessorImpl.java:57)
	at sun.reflect.DelegatingMethodAccessorImpl.invoke(DelegatingMethodAccessorImpl.java:43)
	at java.lang.reflect.Method.invoke(Method.java:601)
	at org.apache.maven.surefire.util.ReflectionUtils.invokeMethodWithArray(ReflectionUtils.java:164)
	at org.apache.maven.surefire.booter.ProviderFactory$ProviderProxy.invoke(ProviderFactory.java:110)
	at org.apache.maven.surefire.booter.SurefireStarter.invokeProvider(SurefireStarter.java:175)
	at org.apache.maven.surefire.booter.SurefireStarter.runSuitesInProcessWhenForked(SurefireStarter.java:107)
	at org.apache.maven.surefire.booter.ForkedBooter.main(ForkedBooter.java:68)
Caused by: junit.framework.AssertionFailedError: Exception class java.lang.NullPointerException was thrown; expected one of [class java.lang.IllegalStateException]
	at com.google.common.collect.testing.Helpers.fail(Helpers.java:164)
	at com.google.common.collect.testing.AbstractIteratorTester$PermittedMetaException.assertPermitted(AbstractIteratorTester.java:142)
	at com.google.common.collect.testing.AbstractIteratorTester.internalExecuteAndCompare(AbstractIteratorTester.java:518)
	at com.google.common.collect.testing.AbstractIteratorTester.access$500(AbstractIteratorTester.java:51)
	at com.google.common.collect.testing.AbstractIteratorTester$8.executeAndCompare(AbstractIteratorTester.java:611)
	at com.google.common.collect.testing.AbstractIteratorTester.compareResultsForThisListOfStimuli(AbstractIteratorTester.java:406)
	... 42 more
Caused by: java.lang.NullPointerException
	at com.google.common.base.Preconditions.checkNotNull(Preconditions.java:191)
	at com.jloisel.collection.map.persistence.FileUtils.toPath(FileUtils.java:59)
	at com.jloisel.collection.map.persistence.FileUtils.remove(FileUtils.java:55)
	at com.jloisel.collection.map.PersistentMapSetIterator.remove(PersistentMapSetIterator.java:38)
	at com.google.common.collect.testing.AbstractIteratorTester$1.execute(AbstractIteratorTester.java:527)
	at com.google.common.collect.testing.AbstractIteratorTester.internalExecuteAndCompare(AbstractIteratorTester.java:454)
	... 45 more
testIterator_unknownOrderRemoveSupported[PersistentMapTest [collection size: several] entrySet [collection size: several]](com.google.common.collect.testing.testers.CollectionIteratorTester)  Time elapsed: 0.009 sec  <<< FAILURE!
junit.framework.AssertionFailedError: failed with stimuli [hasNext, hasNext, hasNext, hasNext, remove]
	at com.google.common.collect.testing.Helpers.fail(Helpers.java:164)
	at com.google.common.collect.testing.AbstractIteratorTester.compareResultsForThisListOfStimuli(AbstractIteratorTester.java:420)
	at com.google.common.collect.testing.AbstractIteratorTester.recurse(AbstractIteratorTester.java:385)
	at com.google.common.collect.testing.AbstractIteratorTester.recurse(AbstractIteratorTester.java:390)
	at com.google.common.collect.testing.AbstractIteratorTester.recurse(AbstractIteratorTester.java:390)
	at com.google.common.collect.testing.AbstractIteratorTester.recurse(AbstractIteratorTester.java:390)
	at com.google.common.collect.testing.AbstractIteratorTester.recurse(AbstractIteratorTester.java:390)
	at com.google.common.collect.testing.AbstractIteratorTester.recurse(AbstractIteratorTester.java:390)
	at com.google.common.collect.testing.AbstractIteratorTester.test(AbstractIteratorTester.java:374)
	at com.google.common.collect.testing.testers.CollectionIteratorTester.runIteratorTest(CollectionIteratorTester.java:100)
	at com.google.common.collect.testing.testers.CollectionIteratorTester.testIterator_unknownOrderRemoveSupported(CollectionIteratorTester.java:88)
	at sun.reflect.NativeMethodAccessorImpl.invoke0(Native Method)
	at sun.reflect.NativeMethodAccessorImpl.invoke(NativeMethodAccessorImpl.java:57)
	at sun.reflect.DelegatingMethodAccessorImpl.invoke(DelegatingMethodAccessorImpl.java:43)
	at java.lang.reflect.Method.invoke(Method.java:601)
	at junit.framework.TestCase.runTest(TestCase.java:168)
	at junit.framework.TestCase.runBare(TestCase.java:134)
	at junit.framework.TestResult$1.protect(TestResult.java:110)
	at junit.framework.TestResult.runProtected(TestResult.java:128)
	at junit.framework.TestResult.run(TestResult.java:113)
	at junit.framework.TestCase.run(TestCase.java:124)
	at junit.framework.TestSuite.runTest(TestSuite.java:243)
	at junit.framework.TestSuite.run(TestSuite.java:238)
	at junit.framework.TestSuite.runTest(TestSuite.java:243)
	at junit.framework.TestSuite.run(TestSuite.java:238)
	at junit.framework.TestSuite.runTest(TestSuite.java:243)
	at junit.framework.TestSuite.run(TestSuite.java:238)
	at junit.framework.TestSuite.runTest(TestSuite.java:243)
	at junit.framework.TestSuite.run(TestSuite.java:238)
	at junit.framework.TestSuite.runTest(TestSuite.java:243)
	at junit.framework.TestSuite.run(TestSuite.java:238)
	at org.junit.internal.runners.JUnit38ClassRunner.run(JUnit38ClassRunner.java:83)
	at org.apache.maven.surefire.junit4.JUnit4TestSet.execute(JUnit4TestSet.java:53)
	at org.apache.maven.surefire.junit4.JUnit4Provider.executeTestSet(JUnit4Provider.java:123)
	at org.apache.maven.surefire.junit4.JUnit4Provider.invoke(JUnit4Provider.java:104)
	at sun.reflect.NativeMethodAccessorImpl.invoke0(Native Method)
	at sun.reflect.NativeMethodAccessorImpl.invoke(NativeMethodAccessorImpl.java:57)
	at sun.reflect.DelegatingMethodAccessorImpl.invoke(DelegatingMethodAccessorImpl.java:43)
	at java.lang.reflect.Method.invoke(Method.java:601)
	at org.apache.maven.surefire.util.ReflectionUtils.invokeMethodWithArray(ReflectionUtils.java:164)
	at org.apache.maven.surefire.booter.ProviderFactory$ProviderProxy.invoke(ProviderFactory.java:110)
	at org.apache.maven.surefire.booter.SurefireStarter.invokeProvider(SurefireStarter.java:175)
	at org.apache.maven.surefire.booter.SurefireStarter.runSuitesInProcessWhenForked(SurefireStarter.java:107)
	at org.apache.maven.surefire.booter.ForkedBooter.main(ForkedBooter.java:68)
Caused by: junit.framework.AssertionFailedError: Exception class java.lang.NullPointerException was thrown; expected one of [class java.lang.IllegalStateException]
	at com.google.common.collect.testing.Helpers.fail(Helpers.java:164)
	at com.google.common.collect.testing.AbstractIteratorTester$PermittedMetaException.assertPermitted(AbstractIteratorTester.java:142)
	at com.google.common.collect.testing.AbstractIteratorTester.internalExecuteAndCompare(AbstractIteratorTester.java:518)
	at com.google.common.collect.testing.AbstractIteratorTester.access$500(AbstractIteratorTester.java:51)
	at com.google.common.collect.testing.AbstractIteratorTester$8.executeAndCompare(AbstractIteratorTester.java:611)
	at com.google.common.collect.testing.AbstractIteratorTester.compareResultsForThisListOfStimuli(AbstractIteratorTester.java:406)
	... 42 more
Caused by: java.lang.NullPointerException
	at com.google.common.base.Preconditions.checkNotNull(Preconditions.java:191)
	at com.jloisel.collection.map.persistence.FileUtils.toPath(FileUtils.java:59)
	at com.jloisel.collection.map.persistence.FileUtils.remove(FileUtils.java:55)
	at com.jloisel.collection.map.PersistentMapSetIterator.remove(PersistentMapSetIterator.java:38)
	at com.google.common.collect.testing.AbstractIteratorTester$1.execute(AbstractIteratorTester.java:527)
	at com.google.common.collect.testing.AbstractIteratorTester.internalExecuteAndCompare(AbstractIteratorTester.java:454)
	... 45 more
testIterator_unknownOrderRemoveSupported[PersistentMapTest [collection size: several] keys [collection size: several]](com.google.common.collect.testing.testers.CollectionIteratorTester)  Time elapsed: 0.011 sec  <<< FAILURE!
junit.framework.AssertionFailedError: failed with stimuli [hasNext, hasNext, hasNext, hasNext, remove]
	at com.google.common.collect.testing.Helpers.fail(Helpers.java:164)
	at com.google.common.collect.testing.AbstractIteratorTester.compareResultsForThisListOfStimuli(AbstractIteratorTester.java:420)
	at com.google.common.collect.testing.AbstractIteratorTester.recurse(AbstractIteratorTester.java:385)
	at com.google.common.collect.testing.AbstractIteratorTester.recurse(AbstractIteratorTester.java:390)
	at com.google.common.collect.testing.AbstractIteratorTester.recurse(AbstractIteratorTester.java:390)
	at com.google.common.collect.testing.AbstractIteratorTester.recurse(AbstractIteratorTester.java:390)
	at com.google.common.collect.testing.AbstractIteratorTester.recurse(AbstractIteratorTester.java:390)
	at com.google.common.collect.testing.AbstractIteratorTester.recurse(AbstractIteratorTester.java:390)
	at com.google.common.collect.testing.AbstractIteratorTester.test(AbstractIteratorTester.java:374)
	at com.google.common.collect.testing.testers.CollectionIteratorTester.runIteratorTest(CollectionIteratorTester.java:100)
	at com.google.common.collect.testing.testers.CollectionIteratorTester.testIterator_unknownOrderRemoveSupported(CollectionIteratorTester.java:88)
	at sun.reflect.NativeMethodAccessorImpl.invoke0(Native Method)
	at sun.reflect.NativeMethodAccessorImpl.invoke(NativeMethodAccessorImpl.java:57)
	at sun.reflect.DelegatingMethodAccessorImpl.invoke(DelegatingMethodAccessorImpl.java:43)
	at java.lang.reflect.Method.invoke(Method.java:601)
	at junit.framework.TestCase.runTest(TestCase.java:168)
	at junit.framework.TestCase.runBare(TestCase.java:134)
	at junit.framework.TestResult$1.protect(TestResult.java:110)
	at junit.framework.TestResult.runProtected(TestResult.java:128)
	at junit.framework.TestResult.run(TestResult.java:113)
	at junit.framework.TestCase.run(TestCase.java:124)
	at junit.framework.TestSuite.runTest(TestSuite.java:243)
	at junit.framework.TestSuite.run(TestSuite.java:238)
	at junit.framework.TestSuite.runTest(TestSuite.java:243)
	at junit.framework.TestSuite.run(TestSuite.java:238)
	at junit.framework.TestSuite.runTest(TestSuite.java:243)
	at junit.framework.TestSuite.run(TestSuite.java:238)
	at junit.framework.TestSuite.runTest(TestSuite.java:243)
	at junit.framework.TestSuite.run(TestSuite.java:238)
	at junit.framework.TestSuite.runTest(TestSuite.java:243)
	at junit.framework.TestSuite.run(TestSuite.java:238)
	at org.junit.internal.runners.JUnit38ClassRunner.run(JUnit38ClassRunner.java:83)
	at org.apache.maven.surefire.junit4.JUnit4TestSet.execute(JUnit4TestSet.java:53)
	at org.apache.maven.surefire.junit4.JUnit4Provider.executeTestSet(JUnit4Provider.java:123)
	at org.apache.maven.surefire.junit4.JUnit4Provider.invoke(JUnit4Provider.java:104)
	at sun.reflect.NativeMethodAccessorImpl.invoke0(Native Method)
	at sun.reflect.NativeMethodAccessorImpl.invoke(NativeMethodAccessorImpl.java:57)
	at sun.reflect.DelegatingMethodAccessorImpl.invoke(DelegatingMethodAccessorImpl.java:43)
	at java.lang.reflect.Method.invoke(Method.java:601)
	at org.apache.maven.surefire.util.ReflectionUtils.invokeMethodWithArray(ReflectionUtils.java:164)
	at org.apache.maven.surefire.booter.ProviderFactory$ProviderProxy.invoke(ProviderFactory.java:110)
	at org.apache.maven.surefire.booter.SurefireStarter.invokeProvider(SurefireStarter.java:175)
	at org.apache.maven.surefire.booter.SurefireStarter.runSuitesInProcessWhenForked(SurefireStarter.java:107)
	at org.apache.maven.surefire.booter.ForkedBooter.main(ForkedBooter.java:68)
Caused by: junit.framework.AssertionFailedError: Exception class java.lang.NullPointerException was thrown; expected one of [class java.lang.IllegalStateException]
	at com.google.common.collect.testing.Helpers.fail(Helpers.java:164)
	at com.google.common.collect.testing.AbstractIteratorTester$PermittedMetaException.assertPermitted(AbstractIteratorTester.java:142)
	at com.google.common.collect.testing.AbstractIteratorTester.internalExecuteAndCompare(AbstractIteratorTester.java:518)
	at com.google.common.collect.testing.AbstractIteratorTester.access$500(AbstractIteratorTester.java:51)
	at com.google.common.collect.testing.AbstractIteratorTester$8.executeAndCompare(AbstractIteratorTester.java:611)
	at com.google.common.collect.testing.AbstractIteratorTester.compareResultsForThisListOfStimuli(AbstractIteratorTester.java:406)
	... 42 more
Caused by: java.lang.NullPointerException
	at com.google.common.base.Preconditions.checkNotNull(Preconditions.java:191)
	at com.jloisel.collection.map.persistence.FileUtils.toPath(FileUtils.java:59)
	at com.jloisel.collection.map.persistence.FileUtils.remove(FileUtils.java:55)
	at com.jloisel.collection.map.PersistentMapSetIterator.remove(PersistentMapSetIterator.java:38)
	at com.google.common.collect.testing.AbstractIteratorTester$1.execute(AbstractIteratorTester.java:527)
	at com.google.common.collect.testing.AbstractIteratorTester.internalExecuteAndCompare(AbstractIteratorTester.java:454)
	... 45 more
